<?xml version="1.0" encoding="UTF-8"?>
<!-- Generated by org.testng.reporters.JUnitReportReporter -->
<testsuite hostname="LAPTOP-QBC6F12R" failures="0" tests="1" name="urke" time="183.139" errors="0" timestamp="09 Aug 2023 16:54:34 GMT" skipped="0">
  <testcase classname="urke" name="townERO" time="183.139"/>
</testsuite> <!-- urke -->
